Start testing: May 22 23:11 GMT
----------------------------------------------------------
1/4 Testing: discovery_test
1/4 Test: discovery_test
Command: "/home/gerard/Documents/Burkina-Open-Place/Toole/build/tests/discovery_test"
Directory: /home/gerard/Documents/Burkina-Open-Place/Toole/build/tests
"discovery_test" start time: May 22 23:11 GMT
Output:
----------------------------------------------------------
[INFO] discovery_test: debut du scenario
[STEP][OK] creation socket d'ecoute
[STEP][OK] fork sender
[STEP][OK] attente beacon (poll)
[STEP][OK] reception beacon avant timeout
[STEP][OK] parsing beacon + mise a jour liste devices
[STEP][OK] processus sender termine proprement
[STEP][OK] presence de D-001 dans la liste
[STEP][OK] validation cluster_id beacon
[OK] discovery test reussi (nb=1)
<end of output>
Test time =   1.00 sec
----------------------------------------------------------
Test Passed.
"discovery_test" end time: May 22 23:11 GMT
"discovery_test" time elapsed: 00:00:01
----------------------------------------------------------

2/4 Testing: network_test
2/4 Test: network_test
Command: "/home/gerard/Documents/Burkina-Open-Place/Toole/build/tests/network_test"
Directory: /home/gerard/Documents/Burkina-Open-Place/Toole/build/tests
"network_test" start time: May 22 23:11 GMT
Output:
----------------------------------------------------------
[INFO] network_test: debut du scenario
[STEP][OK] init serveur TCP
[STEP][OK] fork client
[STEP][OK] accept client
[STEP][OK] reception et validation HELLO
[STEP][OK] reception HEARTBEAT
[STEP][OK] reception RELAY_REQUEST
[STEP][OK] envoi RELAY_RESPONSE
[STEP][OK] processus client termine proprement
[OK] network test reussi
<end of output>
Test time =   1.00 sec
----------------------------------------------------------
Test Passed.
"network_test" end time: May 22 23:11 GMT
"network_test" time elapsed: 00:00:01
----------------------------------------------------------

3/4 Testing: file_transfer_test
3/4 Test: file_transfer_test
Command: "/home/gerard/Documents/Burkina-Open-Place/Toole/build/tests/file_transfer_test"
Directory: /home/gerard/Documents/Burkina-Open-Place/Toole/build/tests
"file_transfer_test" start time: May 22 23:11 GMT
Output:
----------------------------------------------------------
[INFO] file_transfer_test: debut du scenario
[STEP][OK] preparation dossiers de test
[STEP][OK] creation fichier source
[FILE] nom de fichier refuse a l'envoi: ../evil.txt
[STEP][OK] rejet nom dangereux a l'envoi
[STEP][OK] init serveur TCP
[STEP][OK] fork client
[STEP][OK] accept client
[FILE] CRC32 OK pour test.txt (0x6009B335) -> tests/tmp_recv/test.txt
[STEP][OK] reception fichier
[STEP][OK] fermeture sockets
[STEP][OK] processus client termine proprement
[INFO] taille source=50 bytes, destination=50 bytes
[STEP][OK] comparaison tailles
[STEP][OK] comparaison contenu binaire
[OK] file transfer test reussi
<end of output>
Test time =   1.00 sec
----------------------------------------------------------
Test Passed.
"file_transfer_test" end time: May 22 23:11 GMT
"file_transfer_test" time elapsed: 00:00:01
----------------------------------------------------------

4/4 Testing: server_runtime_test
4/4 Test: server_runtime_test
Command: "/home/gerard/Documents/Burkina-Open-Place/Toole/build/tests/server_runtime_test"
Directory: /home/gerard/Documents/Burkina-Open-Place/Toole/build/tests
"server_runtime_test" start time: May 22 23:11 GMT
Output:
----------------------------------------------------------
[INFO] server_runtime_test: debut des scenarios
[STEP][OK] election runtime (plus petit id)
[STEP][OK] client_step detecte timeout master
[STEP][OK] failover client (perdant) + reconnexion
[OK] server_runtime test reussi
<end of output>
Test time =   4.00 sec
----------------------------------------------------------
Test Passed.
"server_runtime_test" end time: May 22 23:11 GMT
"server_runtime_test" time elapsed: 00:00:04
----------------------------------------------------------

End testing: May 22 23:11 GMT
